<?xml version="1.0" encoding="UTF-8"?>
<!-- Generated by org.testng.reporters.JUnitReportReporter -->
<testsuite hostname="LAPTOP-FHJOR5CM" failures="0" tests="1" name="testngpack.testng" time="7.175" errors="0" timestamp="2024-05-01T12:54:57 ICT" skipped="0">
  <testcase classname="testngpack.testng" name="setup" time="7.175"/>
</testsuite> <!-- testngpack.testng -->
